****************************************
Report : timing
	-path_type full
	-delay_type min
	-max_paths 1
	-sort_by slack
Design : top
Version: L-2016.06-SP2
Date   : Sun Dec 20 18:58:28 2020
****************************************

Warning: There are 59 invalid end points for constrained paths. (UITE-416)

  Startpoint: pe12/Rpipe_reg[5]
               (rising edge-triggered flip-flop clocked by ideal_clock1)
  Endpoint: pe13/Rpipe_reg[5]
               (rising edge-triggered flip-flop clocked by ideal_clock1)
  Last common pin: clock
  Path Group: ideal_clock1
  Path Type: min

  Point                                    Incr       Path
  ---------------------------------------------------------------
  clock ideal_clock1 (rise edge)           0.00       0.00
  clock network delay (propagated)         0.02 *     0.02
  pe12/Rpipe_reg[5]/CLK (DFFX1_LVT)        0.00       0.02 r
  pe12/Rpipe_reg[5]/Q (DFFX1_LVT)          0.22 *     0.23 f
  pe13/Rpipe_reg[5]/D (DFFX1_HVT)          0.00 *     0.23 f
  data arrival time                                   0.23

  clock ideal_clock1 (rise edge)           0.00       0.00
  clock network delay (propagated)         0.02 *     0.02
  clock reconvergence pessimism            0.00       0.02
  pe13/Rpipe_reg[5]/CLK (DFFX1_HVT)                   0.02 r
  library hold time                       -0.01 *     0.01
  data required time                                  0.01
  ---------------------------------------------------------------
  data required time                                  0.01
  data arrival time                                  -0.23
  ---------------------------------------------------------------
  slack (MET)                                         0.23


1
