set ucliGUI::state
set ucliGUI::state
ucliCore::getToolPID
synopsys::env hasTB
trigger_hier_stack_context_switch 0
synUtils::setDVEInitPhase 1
synopsys::dump -type VPD -file /courses/engr852/engr852-03/final/vcs/inter.vpd -locking
synopsys::dump -autoflush on -fid VPD0
set ::dve_fid VPD0
synUtils::setDVEInitPhase 0
ucliCore::getToolPID
synUtils::sendTool -active _icl_setToolSocket /tmp/smlnpp1jKl3
synUtils::sendTool -active {_icl_start_rpc -version "O-2018.09-SP1_Full64" -sync_file /tmp/vcs_dve_rpc.engr852-03.19197}
synUtils::sendTool -active {_icl_createSharedMemory /tmp/vcs_dve_general.engr852-03.19197}
config endofsim noexit
config onfail enable all
config syscaddplainmembers
config syscaddsourcenames
config syscaddstructtypes
synopsys::listing -disable
if [catch {gui_sim_terminate}] {gui_sim_terminate -kill}
synopsys::finish
set ucliGUI::state
set ucliGUI::state
ucli_exit
