# Preference setting overrides
gui_create_pref_key -category {Globals} -key {load_detail_for_funcov} -value_type {bool} -value {false}

# State setting overrides
gui_state_default_create -off -ini
gui_set_state_value -category Layout -key child_console_size_x -value 1159
gui_set_state_value -category Layout -key child_console_size_y -value 151
gui_set_state_value -category Layout -key child_data_size_x -value 143
gui_set_state_value -category Layout -key child_data_size_y -value 398
gui_set_state_value -category Layout -key child_driver_size_x -value 900
gui_set_state_value -category Layout -key child_driver_size_y -value 179
gui_set_state_value -category Layout -key child_hier_col3 -value {-1}
gui_set_state_value -category Layout -key child_hier_colpd -value 0
gui_set_state_value -category Layout -key child_hier_size_x -value 143
gui_set_state_value -category Layout -key child_hier_size_y -value 398
gui_set_state_value -category Layout -key child_source_docknewline -value false
gui_set_state_value -category Layout -key child_source_pos_x -value {-2}
gui_set_state_value -category Layout -key child_source_pos_y -value {-15}
gui_set_state_value -category Layout -key child_source_size_x -value 876
gui_set_state_value -category Layout -key child_source_size_y -value 393
gui_set_state_value -category Layout -key child_wave_colname -value 172
gui_set_state_value -category Layout -key child_wave_colvalue -value 172
gui_set_state_value -category Layout -key child_wave_left -value 349
gui_set_state_value -category Layout -key child_wave_right -value 851
gui_set_state_value -category Layout -key main_pos_x -value 437
gui_set_state_value -category Layout -key main_pos_y -value 317
gui_set_state_value -category Layout -key main_size_x -value 1596
gui_set_state_value -category Layout -key main_size_y -value 965
gui_set_state_value -category Layout -key stand_wave_child_docknewline -value false
gui_set_state_value -category Layout -key stand_wave_child_pos_x -value {-2}
gui_set_state_value -category Layout -key stand_wave_child_pos_y -value {-15}
gui_set_state_value -category Layout -key stand_wave_child_size_x -value 1210
gui_set_state_value -category Layout -key stand_wave_child_size_y -value 672
gui_set_state_value -category Layout -key stand_wave_top_pos_x -value 520
gui_set_state_value -category Layout -key stand_wave_top_pos_y -value 176
gui_set_state_value -category Layout -key stand_wave_top_size_x -value 1725
gui_set_state_value -category Layout -key stand_wave_top_size_y -value 952
gui_create_state_key -category FindDialog -key m_pMatchCase -value_type bool -value false
gui_create_state_key -category FindDialog -key m_pMatchWord -value_type bool -value false
gui_create_state_key -category FindDialog -key m_pUseCombo -value_type string -value {}
gui_create_state_key -category FindDialog -key m_pWrapAround -value_type bool -value true
gui_create_state_key -category Widget_History -key {dlgSimSetup|m_setupTab|tab pages|SimTab|m_VPDCombo} -value_type string -value inter.vpd
gui_create_state_key -category Widget_History -key {dlgSimSetup|m_setupTab|tab pages|SimTab|m_argsCombo} -value_type string -value {{-ucligui -full64}}
gui_create_state_key -category Widget_History -key {dlgSimSetup|m_setupTab|tab pages|SimTab|m_curDirCombo} -value_type string -value /courses/engr852/engr852-03/final/example/vcs
gui_create_state_key -category Widget_History -key {dlgSimSetup|m_setupTab|tab pages|SimTab|m_exeCombo} -value_type string -value /courses/engr852/engr852-03/final/example/vcs/simv
gui_state_default_create -off

# Begin command logging
gui_sim_run Ucli -exe ./simv -args {-ucligui  -full64} -dir .
#gui_exit

