Information: Derived library resistance unit is 999.999939 Kohm (Time unit is 1 ns, and Capacitance unit is 0.001000 pF). (DES-028)

****************************************
Report : read_parasitics /courses/engr852/engr852-06/asic_flow_setup/pnr/pnr_fifo/scripts/output/ME_extracted.spef.max
Design : top
Version: L-2016.06-SP2
Date   : Sun Dec 20 18:43:02 2020
****************************************

        0 error(s)
        Format is SPEF
        Annotated nets                   :         1294
        Annotated capacitances           :        18369
        Annotated resistances            :        17076
        Reduced coupling capacitances    :         2680
        Annotated PI models              :            0
        Annotated Elmore delays          :            0

Information: Derived library resistance unit is 999.999939 Kohm (Time unit is 1 ns, and Capacitance unit is 0.001000 pF). (DES-028)
Error: Parasitics of nets are double annotated (for example, net PEOut[127], ground cap at terminal comp_u/U55/A). Ignoring invalid double-annotated parasitics. (PARA-114)

****************************************
Report : read_parasitics /courses/engr852/engr852-06/asic_flow_setup/pnr/pnr_fifo/scripts/output/ME_extracted.spef.min
Design : top
Version: L-2016.06-SP2
Date   : Sun Dec 20 18:43:12 2020
****************************************

        1 error(s)
        Format is SPEF
        Annotated nets                   :            0
        Annotated capacitances           :            0
        Annotated resistances            :            0
        Reduced coupling capacitances    :            0
        Annotated PI models              :            0
        Annotated Elmore delays          :            0

Information: Derived library resistance unit is 999.999939 Kohm (Time unit is 1 ns, and Capacitance unit is 0.001000 pF). (DES-028)
Error: Parasitics of nets are double annotated (for example, net PEOut[127], ground cap at terminal comp_u/U55/A). Ignoring invalid double-annotated parasitics. (PARA-114)

****************************************
Report : read_parasitics /courses/engr852/engr852-06/asic_flow_setup/pnr/pnr_fifo/scripts/output/ME_extracted.spef.min
Design : top
Version: L-2016.06-SP2
Date   : Sun Dec 20 18:43:44 2020
****************************************

        1 error(s)
        Format is SPEF
        Annotated nets                   :            0
        Annotated capacitances           :            0
        Annotated resistances            :            0
        Reduced coupling capacitances    :            0
        Annotated PI models              :            0
        Annotated Elmore delays          :            0

Information: Derived library resistance unit is 999.999939 Kohm (Time unit is 1 ns, and Capacitance unit is 0.001000 pF). (DES-028)
Error: Parasitics of nets are double annotated (for example, net PEOut[127], ground cap at terminal comp_u/U55/A). Ignoring invalid double-annotated parasitics. (PARA-114)

****************************************
Report : read_parasitics /courses/engr852/engr852-06/asic_flow_setup/pnr/pnr_fifo/scripts/output/ME_extracted.spef.max
Design : top
Version: L-2016.06-SP2
Date   : Sun Dec 20 18:43:53 2020
****************************************

        1 error(s)
        Format is SPEF
        Annotated nets                   :            0
        Annotated capacitances           :            0
        Annotated resistances            :            0
        Reduced coupling capacitances    :            0
        Annotated PI models              :            0
        Annotated Elmore delays          :            0

