 
****************************************
  Report : Chip Summary
  Design : top
  Version: O-2018.06-SP4
  Date   : Sun Dec 20 18:13:52 2020
****************************************
Std cell utilization: 85.84%  (16897/(19684-0))
(Non-fixed + Fixed)
Std cell utilization: 85.84%  (16897/(19684-0))
(Non-fixed only)
Chip area:            19684    sites, bbox (5.00 5.00 83.74 82.98) um
Std cell area:        16897    sites, (non-fixed:16897  fixed:0)
                      1127     cells, (non-fixed:1127   fixed:0)
Macro cell area:      0        sites
                      0        cells
Placement blockages:  0        sites, (excluding fixed std cells)
                      0        sites, (include fixed std cells & chimney area)
                      0        sites, (complete p/g net blockages)
Routing blockages:    0        sites, (partial p/g net blockages)
                      0        sites, (routing blockages and signal pre-route)
Lib cell count:       42 
Avg. std cell width:  1.91 um 
Site array:           unit     (width: 0.152 um, height: 1.672 um, rows: 38)
Physical DB scale:    1000 db_unit = 1 um 

 
****************************************
  Report : pnet options
  Design : top
  Version: O-2018.06-SP4
  Date   : Sun Dec 20 18:13:52 2020
****************************************


--------------------------------------------------------------------
Layer      Blockage   Min_width   Min_height   Via_additive     Density
--------------------------------------------------------------------
M1         none          ---         ---       via additive      ---
M2         none          ---         ---       via additive      ---
M3         none          ---         ---       via additive      ---
M4         none          ---         ---       via additive      ---
M5         none          ---         ---       via additive      ---
M6         none          ---         ---       via additive      ---
M7         none          ---         ---       via additive      ---
M8         none          ---         ---       via additive      ---
M9         none          ---         ---       via additive      ---
MRDL       none          ---         ---       via additive      ---

**********************************
      Sub-Region Utilization      
**********************************
Number of regions with placement utilization 0 - 0.125 is 0 (0.00%)
Number of regions with placement utilization 0.125 - 0.25 is 0 (0.00%)
Number of regions with placement utilization 0.25 - 0.375 is 0 (0.00%)
Number of regions with placement utilization 0.375 - 0.5 is 0 (0.00%)
Number of regions with placement utilization 0.5 - 0.625 is 0 (0.00%)
Number of regions with placement utilization 0.625 - 0.75 is 5 (5.00%)
Number of regions with placement utilization 0.75 - 0.875 is 58 (58.00%)
Number of regions with placement utilization 0.875 - 1 is 37 (37.00%)
1
